[0.451s] Invoking command in '/home/sam/turtle_path_planner_ws/build/turtle_path_planner': PYTHONPATH=/home/sam/turtle_path_planner_ws/build/turtle_path_planner/prefix_override:/usr/lib/python3/dist-packages/colcon_core/task/python/colcon_distutils_commands:/home/sam/turtle_path_planner_ws/install/turtle_path_planner/lib/python3.10/site-packages:${PYTHONPATH} /usr/bin/python3 -W ignore:setup.py install is deprecated -W ignore:easy_install command is deprecated setup.py develop --editable --build-directory /home/sam/turtle_path_planner_ws/build/turtle_path_planner/build --no-deps symlink_data
[0.629s] running develop
[0.738s] running egg_info
[0.738s] creating turtle_path_planner.egg-info
[0.745s] writing turtle_path_planner.egg-info/PKG-INFO
[0.746s] writing dependency_links to turtle_path_planner.egg-info/dependency_links.txt
[0.746s] writing requirements to turtle_path_planner.egg-info/requires.txt
[0.746s] writing top-level names to turtle_path_planner.egg-info/top_level.txt
[0.746s] writing manifest file 'turtle_path_planner.egg-info/SOURCES.txt'
[0.768s] reading manifest file 'turtle_path_planner.egg-info/SOURCES.txt'
[0.768s] writing manifest file 'turtle_path_planner.egg-info/SOURCES.txt'
[0.778s] running build_ext
[0.778s] Creating /home/sam/turtle_path_planner_ws/install/turtle_path_planner/lib/python3.10/site-packages/turtle-path-planner.egg-link (link to .)
[0.778s] 
[0.778s] Installed /home/sam/turtle_path_planner_ws/build/turtle_path_planner
[0.778s] running symlink_data
[0.778s] creating /home/sam/turtle_path_planner_ws/install/turtle_path_planner/share/ament_index
[0.778s] creating /home/sam/turtle_path_planner_ws/install/turtle_path_planner/share/ament_index/resource_index
[0.778s] creating /home/sam/turtle_path_planner_ws/install/turtle_path_planner/share/ament_index/resource_index/packages
[0.779s] symbolically linking /home/sam/turtle_path_planner_ws/build/turtle_path_planner/resource/turtle_path_planner -> /home/sam/turtle_path_planner_ws/install/turtle_path_planner/share/ament_index/resource_index/packages
[0.779s] symbolically linking /home/sam/turtle_path_planner_ws/build/turtle_path_planner/package.xml -> /home/sam/turtle_path_planner_ws/install/turtle_path_planner/share/turtle_path_planner
[0.797s] Invoked command in '/home/sam/turtle_path_planner_ws/build/turtle_path_planner' returned '0': PYTHONPATH=/home/sam/turtle_path_planner_ws/build/turtle_path_planner/prefix_override:/usr/lib/python3/dist-packages/colcon_core/task/python/colcon_distutils_commands:/home/sam/turtle_path_planner_ws/install/turtle_path_planner/lib/python3.10/site-packages:${PYTHONPATH} /usr/bin/python3 -W ignore:setup.py install is deprecated -W ignore:easy_install command is deprecated setup.py develop --editable --build-directory /home/sam/turtle_path_planner_ws/build/turtle_path_planner/build --no-deps symlink_data
