[0.073s] [34mcolcon[0m [1;30mDEBUG[0m [32mCommand line arguments: ['/usr/bin/colcon', 'build', '--symlink-install'][0m
[0.074s] [34mcolcon[0m [1;30mDEBUG[0m [32mParsed command line arguments: Namespace(log_base=None, log_level=None, verb_name='build', build_base='build', install_base='install', merge_install=False, symlink_install=True, test_result_base=None, continue_on_error=False, executor='parallel', parallel_workers=12, event_handlers=None, ignore_user_meta=False, metas=['./colcon.meta'], base_paths=['.'], packages_ignore=None, packages_ignore_regex=None, paths=None, packages_up_to=None, packages_up_to_regex=None, packages_above=None, packages_above_and_dependencies=None, packages_above_depth=None, packages_select_by_dep=None, packages_skip_by_dep=None, packages_skip_up_to=None, packages_select_build_failed=False, packages_skip_build_finished=False, packages_select_test_failures=False, packages_skip_test_passed=False, packages_select=None, packages_skip=None, packages_select_regex=None, packages_skip_regex=None, packages_start=None, packages_end=None, allow_overriding=[], cmake_args=None, cmake_target=None, cmake_target_skip_unavailable=False, cmake_clean_cache=False, cmake_clean_first=False, cmake_force_configure=False, ament_cmake_args=None, catkin_cmake_args=None, catkin_skip_building_tests=False, mixin_files=None, mixin=None, verb_parser=<colcon_mixin.mixin.mixin_argument.MixinArgumentDecorator object at 0x7d8a2092aa40>, verb_extension=<colcon_core.verb.build.BuildVerb object at 0x7d8a2092a440>, main=<bound method BuildVerb.main of <colcon_core.verb.build.BuildVerb object at 0x7d8a2092a440>>, mixin_verb=('build',))[0m
[0.098s] [34mcolcon.colcon_core.package_discovery[0m [1;30mLevel 1[0m discover_packages(colcon_meta) check parameters
[0.098s] [34mcolcon.colcon_core.package_discovery[0m [1;30mLevel 1[0m discover_packages(recursive) check parameters
[0.098s] [34mcolcon.colcon_core.package_discovery[0m [1;30mLevel 1[0m discover_packages(ignore) check parameters
[0.098s] [34mcolcon.colcon_core.package_discovery[0m [1;30mLevel 1[0m discover_packages(path) check parameters
[0.098s] [34mcolcon.colcon_core.package_discovery[0m [1;30mLevel 1[0m discover_packages(colcon_meta) discover
[0.098s] [34mcolcon.colcon_core.package_discovery[0m [1;30mLevel 1[0m discover_packages(recursive) discover
[0.098s] [34mcolcon.colcon_core.package_discovery[0m [1;30mINFO[0m Crawling recursively for packages in '/home/sam/turtle_path_planner_ws'
[0.098s] [34mcolcon.colcon_core.package_identification[0m [1;30mLevel 1[0m _identify(.) by extensions ['ignore', 'ignore_ament_install']
[0.098s] [34mcolcon.colcon_core.package_identification[0m [1;30mLevel 1[0m _identify(.) by extension 'ignore'
[0.098s] [34mcolcon.colcon_core.package_identification[0m [1;30mLevel 1[0m _identify(.) by extension 'ignore_ament_install'
[0.098s] [34mcolcon.colcon_core.package_identification[0m [1;30mLevel 1[0m _identify(.) by extensions ['colcon_pkg']
[0.098s] [34mcolcon.colcon_core.package_identification[0m [1;30mLevel 1[0m _identify(.) by extension 'colcon_pkg'
[0.098s] [34mcolcon.colcon_core.package_identification[0m [1;30mLevel 1[0m _identify(.) by extensions ['colcon_meta']
[0.098s] [34mcolcon.colcon_core.package_identification[0m [1;30mLevel 1[0m _identify(.) by extension 'colcon_meta'
[0.098s] [34mcolcon.colcon_core.package_identification[0m [1;30mLevel 1[0m _identify(.) by extensions ['ros']
[0.098s] [34mcolcon.colcon_core.package_identification[0m [1;30mLevel 1[0m _identify(.) by extension 'ros'
[0.108s] [34mcolcon.colcon_core.package_identification[0m [1;30mLevel 1[0m _identify(.) by extensions ['cmake', 'python']
[0.108s] [34mcolcon.colcon_core.package_identification[0m [1;30mLevel 1[0m _identify(.) by extension 'cmake'
[0.108s] [34mcolcon.colcon_core.package_identification[0m [1;30mLevel 1[0m _identify(.) by extension 'python'
[0.108s] [34mcolcon.colcon_core.package_identification[0m [1;30mLevel 1[0m _identify(.) by extensions ['python_setup_py']
[0.108s] [34mcolcon.colcon_core.package_identification[0m [1;30mLevel 1[0m _identify(.) by extension 'python_setup_py'
[0.108s] [34mcolcon.colcon_core.package_identification[0m [1;30mLevel 1[0m _identify(build) by extensions ['ignore', 'ignore_ament_install']
[0.108s] [34mcolcon.colcon_core.package_identification[0m [1;30mLevel 1[0m _identify(build) by extension 'ignore'
[0.108s] [34mcolcon.colcon_core.package_identification[0m [1;30mLevel 1[0m _identify(build) ignored
[0.108s] [34mcolcon.colcon_core.package_identification[0m [1;30mLevel 1[0m _identify(install) by extensions ['ignore', 'ignore_ament_install']
[0.108s] [34mcolcon.colcon_core.package_identification[0m [1;30mLevel 1[0m _identify(install) by extension 'ignore'
[0.108s] [34mcolcon.colcon_core.package_identification[0m [1;30mLevel 1[0m _identify(install) ignored
[0.108s] [34mcolcon.colcon_core.package_identification[0m [1;30mLevel 1[0m _identify(log) by extensions ['ignore', 'ignore_ament_install']
[0.109s] [34mcolcon.colcon_core.package_identification[0m [1;30mLevel 1[0m _identify(log) by extension 'ignore'
[0.109s] [34mcolcon.colcon_core.package_identification[0m [1;30mLevel 1[0m _identify(log) ignored
[0.109s] [34mcolcon.colcon_core.package_identification[0m [1;30mLevel 1[0m _identify(src) by extensions ['ignore', 'ignore_ament_install']
[0.109s] [34mcolcon.colcon_core.package_identification[0m [1;30mLevel 1[0m _identify(src) by extension 'ignore'
[0.109s] [34mcolcon.colcon_core.package_identification[0m [1;30mLevel 1[0m _identify(src) by extension 'ignore_ament_install'
[0.109s] [34mcolcon.colcon_core.package_identification[0m [1;30mLevel 1[0m _identify(src) by extensions ['colcon_pkg']
[0.109s] [34mcolcon.colcon_core.package_identification[0m [1;30mLevel 1[0m _identify(src) by extension 'colcon_pkg'
[0.109s] [34mcolcon.colcon_core.package_identification[0m [1;30mLevel 1[0m _identify(src) by extensions ['colcon_meta']
[0.109s] [34mcolcon.colcon_core.package_identification[0m [1;30mLevel 1[0m _identify(src) by extension 'colcon_meta'
[0.109s] [34mcolcon.colcon_core.package_identification[0m [1;30mLevel 1[0m _identify(src) by extensions ['ros']
[0.109s] [34mcolcon.colcon_core.package_identification[0m [1;30mLevel 1[0m _identify(src) by extension 'ros'
[0.109s] [34mcolcon.colcon_core.package_identification[0m [1;30mLevel 1[0m _identify(src) by extensions ['cmake', 'python']
[0.109s] [34mcolcon.colcon_core.package_identification[0m [1;30mLevel 1[0m _identify(src) by extension 'cmake'
[0.109s] [34mcolcon.colcon_core.package_identification[0m [1;30mLevel 1[0m _identify(src) by extension 'python'
[0.109s] [34mcolcon.colcon_core.package_identification[0m [1;30mLevel 1[0m _identify(src) by extensions ['python_setup_py']
[0.109s] [34mcolcon.colcon_core.package_identification[0m [1;30mLevel 1[0m _identify(src) by extension 'python_setup_py'
[0.109s] [34mcolcon.colcon_core.package_identification[0m [1;30mLevel 1[0m _identify(src/turtle_path_planner) by extensions ['ignore', 'ignore_ament_install']
[0.109s] [34mcolcon.colcon_core.package_identification[0m [1;30mLevel 1[0m _identify(src/turtle_path_planner) by extension 'ignore'
[0.109s] [34mcolcon.colcon_core.package_identification[0m [1;30mLevel 1[0m _identify(src/turtle_path_planner) by extension 'ignore_ament_install'
[0.109s] [34mcolcon.colcon_core.package_identification[0m [1;30mLevel 1[0m _identify(src/turtle_path_planner) by extensions ['colcon_pkg']
[0.109s] [34mcolcon.colcon_core.package_identification[0m [1;30mLevel 1[0m _identify(src/turtle_path_planner) by extension 'colcon_pkg'
[0.109s] [34mcolcon.colcon_core.package_identification[0m [1;30mLevel 1[0m _identify(src/turtle_path_planner) by extensions ['colcon_meta']
[0.109s] [34mcolcon.colcon_core.package_identification[0m [1;30mLevel 1[0m _identify(src/turtle_path_planner) by extension 'colcon_meta'
[0.109s] [34mcolcon.colcon_core.package_identification[0m [1;30mLevel 1[0m _identify(src/turtle_path_planner) by extensions ['ros']
[0.109s] [34mcolcon.colcon_core.package_identification[0m [1;30mLevel 1[0m _identify(src/turtle_path_planner) by extension 'ros'
[0.111s] [34mcolcon.colcon_core.package_identification[0m [1;30mDEBUG[0m [32mPackage 'src/turtle_path_planner' with type 'ros.ament_python' and name 'turtle_path_planner'[0m
[0.111s] [34mcolcon.colcon_core.package_discovery[0m [1;30mLevel 1[0m discover_packages(recursive) using defaults
[0.111s] [34mcolcon.colcon_core.package_discovery[0m [1;30mLevel 1[0m discover_packages(ignore) discover
[0.111s] [34mcolcon.colcon_core.package_discovery[0m [1;30mLevel 1[0m discover_packages(ignore) using defaults
[0.111s] [34mcolcon.colcon_core.package_discovery[0m [1;30mLevel 1[0m discover_packages(path) discover
[0.111s] [34mcolcon.colcon_core.package_discovery[0m [1;30mLevel 1[0m discover_packages(path) using defaults
[0.122s] [34mcolcon.colcon_core.package_discovery[0m [1;30mLevel 1[0m discover_packages(prefix_path) check parameters
[0.122s] [34mcolcon.colcon_core.package_discovery[0m [1;30mLevel 1[0m discover_packages(prefix_path) discover
[0.123s] [34mcolcon.colcon_installed_package_information.package_discovery[0m [1;30mDEBUG[0m [32mFound 3 installed packages in /home/sam/slam_ws/install[0m
[0.124s] [34mcolcon.colcon_installed_package_information.package_discovery[0m [1;30mDEBUG[0m [32mFound 453 installed packages in /opt/ros/humble[0m
[0.125s] [34mcolcon.colcon_core.package_discovery[0m [1;30mLevel 1[0m discover_packages(prefix_path) using defaults
[0.160s] [34mcolcon.colcon_core.verb[0m [1;30mLevel 5[0m set package 'turtle_path_planner' build argument 'cmake_args' from command line to 'None'
[0.160s] [34mcolcon.colcon_core.verb[0m [1;30mLevel 5[0m set package 'turtle_path_planner' build argument 'cmake_target' from command line to 'None'
[0.160s] [34mcolcon.colcon_core.verb[0m [1;30mLevel 5[0m set package 'turtle_path_planner' build argument 'cmake_target_skip_unavailable' from command line to 'False'
[0.160s] [34mcolcon.colcon_core.verb[0m [1;30mLevel 5[0m set package 'turtle_path_planner' build argument 'cmake_clean_cache' from command line to 'False'
[0.160s] [34mcolcon.colcon_core.verb[0m [1;30mLevel 5[0m set package 'turtle_path_planner' build argument 'cmake_clean_first' from command line to 'False'
[0.160s] [34mcolcon.colcon_core.verb[0m [1;30mLevel 5[0m set package 'turtle_path_planner' build argument 'cmake_force_configure' from command line to 'False'
[0.160s] [34mcolcon.colcon_core.verb[0m [1;30mLevel 5[0m set package 'turtle_path_planner' build argument 'ament_cmake_args' from command line to 'None'
[0.160s] [34mcolcon.colcon_core.verb[0m [1;30mLevel 5[0m set package 'turtle_path_planner' build argument 'catkin_cmake_args' from command line to 'None'
[0.161s] [34mcolcon.colcon_core.verb[0m [1;30mLevel 5[0m set package 'turtle_path_planner' build argument 'catkin_skip_building_tests' from command line to 'False'
[0.161s] [34mcolcon.colcon_core.verb[0m [1;30mDEBUG[0m [32mBuilding package 'turtle_path_planner' with the following arguments: {'ament_cmake_args': None, 'build_base': '/home/sam/turtle_path_planner_ws/build/turtle_path_planner', 'catkin_cmake_args': None, 'catkin_skip_building_tests': False, 'cmake_args': None, 'cmake_clean_cache': False, 'cmake_clean_first': False, 'cmake_force_configure': False, 'cmake_target': None, 'cmake_target_skip_unavailable': False, 'install_base': '/home/sam/turtle_path_planner_ws/install/turtle_path_planner', 'merge_install': False, 'path': '/home/sam/turtle_path_planner_ws/src/turtle_path_planner', 'symlink_install': True, 'test_result_base': None}[0m
[0.161s] [34mcolcon.colcon_core.executor[0m [1;30mINFO[0m Executing jobs using 'parallel' executor
[0.161s] [34mcolcon.colcon_parallel_executor.executor.parallel[0m [1;30mDEBUG[0m [32mrun_until_complete[0m
[0.161s] [34mcolcon.colcon_ros.task.ament_python.build[0m [1;30mINFO[0m Building ROS package in '/home/sam/turtle_path_planner_ws/src/turtle_path_planner' with build type 'ament_python'
[0.162s] [34mcolcon.colcon_core.shell[0m [1;30mLevel 1[0m create_environment_hook('turtle_path_planner', 'ament_prefix_path')
[0.163s] [34mcolcon.colcon_core.plugin_system[0m [1;30mINFO[0m Skipping extension 'colcon_core.shell.bat': Not used on non-Windows systems
[0.163s] [34mcolcon.colcon_core.shell[0m [1;30mINFO[0m Creating environment hook '/home/sam/turtle_path_planner_ws/install/turtle_path_planner/share/turtle_path_planner/hook/ament_prefix_path.ps1'
[0.163s] [34mcolcon.colcon_core.shell[0m [1;30mINFO[0m Creating environment descriptor '/home/sam/turtle_path_planner_ws/install/turtle_path_planner/share/turtle_path_planner/hook/ament_prefix_path.dsv'
[0.163s] [34mcolcon.colcon_core.shell[0m [1;30mINFO[0m Creating environment hook '/home/sam/turtle_path_planner_ws/install/turtle_path_planner/share/turtle_path_planner/hook/ament_prefix_path.sh'
[0.164s] [34mcolcon.colcon_core.shell[0m [1;30mINFO[0m Skip shell extension 'powershell' for command environment: Not usable outside of PowerShell
[0.164s] [34mcolcon.colcon_core.shell[0m [1;30mDEBUG[0m [32mSkip shell extension 'dsv' for command environment[0m
[0.303s] [34mcolcon.colcon_core.task.python.build[0m [1;30mINFO[0m Building Python package in '/home/sam/turtle_path_planner_ws/src/turtle_path_planner'
[0.303s] [34mcolcon.colcon_core.shell[0m [1;30mINFO[0m Skip shell extension 'powershell' for command environment: Not usable outside of PowerShell
[0.303s] [34mcolcon.colcon_core.shell[0m [1;30mDEBUG[0m [32mSkip shell extension 'dsv' for command environment[0m
[0.613s] [34mcolcon.colcon_core.event_handler.log_command[0m [1;30mDEBUG[0m [32mInvoking command in '/home/sam/turtle_path_planner_ws/build/turtle_path_planner': PYTHONPATH=/home/sam/turtle_path_planner_ws/build/turtle_path_planner/prefix_override:/usr/lib/python3/dist-packages/colcon_core/task/python/colcon_distutils_commands:/home/sam/turtle_path_planner_ws/install/turtle_path_planner/lib/python3.10/site-packages:${PYTHONPATH} /usr/bin/python3 -W ignore:setup.py install is deprecated -W ignore:easy_install command is deprecated setup.py develop --editable --build-directory /home/sam/turtle_path_planner_ws/build/turtle_path_planner/build --no-deps symlink_data[0m
[0.959s] [34mcolcon.colcon_core.shell[0m [1;30mLevel 1[0m create_environment_hook('turtle_path_planner', 'pythonpath_develop')
[0.959s] [34mcolcon.colcon_core.shell[0m [1;30mINFO[0m Creating environment hook '/home/sam/turtle_path_planner_ws/build/turtle_path_planner/share/turtle_path_planner/hook/pythonpath_develop.ps1'
[0.959s] [34mcolcon.colcon_core.event_handler.log_command[0m [1;30mDEBUG[0m [32mInvoked command in '/home/sam/turtle_path_planner_ws/build/turtle_path_planner' returned '0': PYTHONPATH=/home/sam/turtle_path_planner_ws/build/turtle_path_planner/prefix_override:/usr/lib/python3/dist-packages/colcon_core/task/python/colcon_distutils_commands:/home/sam/turtle_path_planner_ws/install/turtle_path_planner/lib/python3.10/site-packages:${PYTHONPATH} /usr/bin/python3 -W ignore:setup.py install is deprecated -W ignore:easy_install command is deprecated setup.py develop --editable --build-directory /home/sam/turtle_path_planner_ws/build/turtle_path_planner/build --no-deps symlink_data[0m
[0.959s] [34mcolcon.colcon_core.shell[0m [1;30mINFO[0m Creating environment descriptor '/home/sam/turtle_path_planner_ws/build/turtle_path_planner/share/turtle_path_planner/hook/pythonpath_develop.dsv'
[0.960s] [34mcolcon.colcon_core.shell[0m [1;30mINFO[0m Creating environment hook '/home/sam/turtle_path_planner_ws/build/turtle_path_planner/share/turtle_path_planner/hook/pythonpath_develop.sh'
[0.961s] [34mcolcon.colcon_core.environment[0m [1;30mLevel 1[0m checking '/home/sam/turtle_path_planner_ws/install/turtle_path_planner' for CMake module files
[0.961s] [34mcolcon.colcon_core.environment[0m [1;30mLevel 1[0m checking '/home/sam/turtle_path_planner_ws/install/turtle_path_planner' for CMake config files
[0.961s] [34mcolcon.colcon_core.environment[0m [1;30mLevel 1[0m checking '/home/sam/turtle_path_planner_ws/install/turtle_path_planner/lib'
[0.961s] [34mcolcon.colcon_core.environment[0m [1;30mLevel 1[0m checking '/home/sam/turtle_path_planner_ws/install/turtle_path_planner/bin'
[0.962s] [34mcolcon.colcon_core.environment[0m [1;30mLevel 1[0m checking '/home/sam/turtle_path_planner_ws/install/turtle_path_planner/lib/pkgconfig/turtle_path_planner.pc'
[0.962s] [34mcolcon.colcon_core.environment[0m [1;30mLevel 1[0m checking '/home/sam/turtle_path_planner_ws/install/turtle_path_planner/lib/python3.10/site-packages'
[0.962s] [34mcolcon.colcon_core.shell[0m [1;30mLevel 1[0m create_environment_hook('turtle_path_planner', 'pythonpath')
[0.962s] [34mcolcon.colcon_core.shell[0m [1;30mINFO[0m Creating environment hook '/home/sam/turtle_path_planner_ws/install/turtle_path_planner/share/turtle_path_planner/hook/pythonpath.ps1'
[0.962s] [34mcolcon.colcon_core.shell[0m [1;30mINFO[0m Creating environment descriptor '/home/sam/turtle_path_planner_ws/install/turtle_path_planner/share/turtle_path_planner/hook/pythonpath.dsv'
[0.962s] [34mcolcon.colcon_core.shell[0m [1;30mINFO[0m Creating environment hook '/home/sam/turtle_path_planner_ws/install/turtle_path_planner/share/turtle_path_planner/hook/pythonpath.sh'
[0.963s] [34mcolcon.colcon_core.environment[0m [1;30mLevel 1[0m checking '/home/sam/turtle_path_planner_ws/install/turtle_path_planner/bin'
[0.963s] [34mcolcon.colcon_core.environment[0m [1;30mLevel 1[0m create_environment_scripts_only(turtle_path_planner)
[0.963s] [34mcolcon.colcon_core.shell[0m [1;30mINFO[0m Creating package script '/home/sam/turtle_path_planner_ws/install/turtle_path_planner/share/turtle_path_planner/package.ps1'
[0.963s] [34mcolcon.colcon_core.shell[0m [1;30mINFO[0m Creating package descriptor '/home/sam/turtle_path_planner_ws/install/turtle_path_planner/share/turtle_path_planner/package.dsv'
[0.964s] [34mcolcon.colcon_core.shell[0m [1;30mINFO[0m Creating package script '/home/sam/turtle_path_planner_ws/install/turtle_path_planner/share/turtle_path_planner/package.sh'
[0.964s] [34mcolcon.colcon_core.shell[0m [1;30mINFO[0m Creating package script '/home/sam/turtle_path_planner_ws/install/turtle_path_planner/share/turtle_path_planner/package.bash'
[0.964s] [34mcolcon.colcon_core.shell[0m [1;30mINFO[0m Creating package script '/home/sam/turtle_path_planner_ws/install/turtle_path_planner/share/turtle_path_planner/package.zsh'
[0.965s] [34mcolcon.colcon_core.environment[0m [1;30mLevel 1[0m create_file_with_runtime_dependencies(/home/sam/turtle_path_planner_ws/install/turtle_path_planner/share/colcon-core/packages/turtle_path_planner)
[0.965s] [34mcolcon.colcon_parallel_executor.executor.parallel[0m [1;30mDEBUG[0m [32mclosing loop[0m
[0.965s] [34mcolcon.colcon_parallel_executor.executor.parallel[0m [1;30mDEBUG[0m [32mloop closed[0m
[0.965s] [34mcolcon.colcon_parallel_executor.executor.parallel[0m [1;30mDEBUG[0m [32mrun_until_complete finished with '0'[0m
[0.965s] [34mcolcon.colcon_core.event_reactor[0m [1;30mDEBUG[0m [32mjoining thread[0m
[0.968s] [34mcolcon.colcon_core.plugin_system[0m [1;30mINFO[0m Skipping extension 'colcon_notification.desktop_notification.terminal_notifier': Not used on non-Darwin systems
[0.968s] [34mcolcon.colcon_core.plugin_system[0m [1;30mINFO[0m Skipping extension 'colcon_notification.desktop_notification.win32': Not used on non-Windows systems
[0.968s] [34mcolcon.colcon_notification.desktop_notification[0m [1;30mINFO[0m Sending desktop notification using 'notify2'
[0.975s] [34mcolcon.colcon_core.event_reactor[0m [1;30mDEBUG[0m [32mjoined thread[0m
[0.975s] [34mcolcon.colcon_core.shell[0m [1;30mINFO[0m Creating prefix script '/home/sam/turtle_path_planner_ws/install/local_setup.ps1'
[0.976s] [34mcolcon.colcon_core.shell[0m [1;30mINFO[0m Creating prefix util module '/home/sam/turtle_path_planner_ws/install/_local_setup_util_ps1.py'
[0.976s] [34mcolcon.colcon_core.shell[0m [1;30mINFO[0m Creating prefix chain script '/home/sam/turtle_path_planner_ws/install/setup.ps1'
[0.977s] [34mcolcon.colcon_core.shell[0m [1;30mINFO[0m Creating prefix script '/home/sam/turtle_path_planner_ws/install/local_setup.sh'
[0.977s] [34mcolcon.colcon_core.shell[0m [1;30mINFO[0m Creating prefix util module '/home/sam/turtle_path_planner_ws/install/_local_setup_util_sh.py'
[0.978s] [34mcolcon.colcon_core.shell[0m [1;30mINFO[0m Creating prefix chain script '/home/sam/turtle_path_planner_ws/install/setup.sh'
[0.978s] [34mcolcon.colcon_core.shell[0m [1;30mINFO[0m Creating prefix script '/home/sam/turtle_path_planner_ws/install/local_setup.bash'
[0.978s] [34mcolcon.colcon_core.shell[0m [1;30mINFO[0m Creating prefix chain script '/home/sam/turtle_path_planner_ws/install/setup.bash'
[0.979s] [34mcolcon.colcon_core.shell[0m [1;30mINFO[0m Creating prefix script '/home/sam/turtle_path_planner_ws/install/local_setup.zsh'
[0.979s] [34mcolcon.colcon_core.shell[0m [1;30mINFO[0m Creating prefix chain script '/home/sam/turtle_path_planner_ws/install/setup.zsh'
