running develop
Removing /home/sam/turtle_path_planner_ws/install/turtle_path_planner/lib/python3.10/site-packages/turtle-path-planner.egg-link (link to .)
running egg_info
writing ../../build/turtle_path_planner/turtle_path_planner.egg-info/PKG-INFO
writing dependency_links to ../../build/turtle_path_planner/turtle_path_planner.egg-info/dependency_links.txt
writing entry points to ../../build/turtle_path_planner/turtle_path_planner.egg-info/entry_points.txt
writing requirements to ../../build/turtle_path_planner/turtle_path_planner.egg-info/requires.txt
writing top-level names to ../../build/turtle_path_planner/turtle_path_planner.egg-info/top_level.txt
reading manifest file '../../build/turtle_path_planner/turtle_path_planner.egg-info/SOURCES.txt'
writing manifest file '../../build/turtle_path_planner/turtle_path_planner.egg-info/SOURCES.txt'
running build
running build_py
creating /home/sam/turtle_path_planner_ws/build/turtle_path_planner/build
creating /home/sam/turtle_path_planner_ws/build/turtle_path_planner/build/lib
creating /home/sam/turtle_path_planner_ws/build/turtle_path_planner/build/lib/turtle_path_planner
copying turtle_path_planner/astar_planner_node.py -> /home/sam/turtle_path_planner_ws/build/turtle_path_planner/build/lib/turtle_path_planner
copying turtle_path_planner/__init__.py -> /home/sam/turtle_path_planner_ws/build/turtle_path_planner/build/lib/turtle_path_planner
running install
running install_lib
creating /home/sam/turtle_path_planner_ws/install/turtle_path_planner/lib/python3.10/site-packages/turtle_path_planner
copying /home/sam/turtle_path_planner_ws/build/turtle_path_planner/build/lib/turtle_path_planner/astar_planner_node.py -> /home/sam/turtle_path_planner_ws/install/turtle_path_planner/lib/python3.10/site-packages/turtle_path_planner
copying /home/sam/turtle_path_planner_ws/build/turtle_path_planner/build/lib/turtle_path_planner/__init__.py -> /home/sam/turtle_path_planner_ws/install/turtle_path_planner/lib/python3.10/site-packages/turtle_path_planner
byte-compiling /home/sam/turtle_path_planner_ws/install/turtle_path_planner/lib/python3.10/site-packages/turtle_path_planner/astar_planner_node.py to astar_planner_node.cpython-310.pyc
byte-compiling /home/sam/turtle_path_planner_ws/install/turtle_path_planner/lib/python3.10/site-packages/turtle_path_planner/__init__.py to __init__.cpython-310.pyc
running install_data
copying resource/turtle_path_planner -> /home/sam/turtle_path_planner_ws/install/turtle_path_planner/share/ament_index/resource_index/packages
copying package.xml -> /home/sam/turtle_path_planner_ws/install/turtle_path_planner/share/turtle_path_planner
running install_egg_info
Copying ../../build/turtle_path_planner/turtle_path_planner.egg-info to /home/sam/turtle_path_planner_ws/install/turtle_path_planner/lib/python3.10/site-packages/turtle_path_planner-0.0.0-py3.10.egg-info
running install_scripts
Installing astar_planner script to /home/sam/turtle_path_planner_ws/install/turtle_path_planner/lib/turtle_path_planner
writing list of installed files to '/home/sam/turtle_path_planner_ws/build/turtle_path_planner/install.log'
