[0.423s] Invoking command in '/home/sam/turtle_path_planner_ws/build/turtle_path_planner': PYTHONPATH=/home/sam/turtle_path_planner_ws/build/turtle_path_planner/prefix_override:/usr/lib/python3/dist-packages/colcon_core/task/python/colcon_distutils_commands:/home/sam/turtle_path_planner_ws/install/turtle_path_planner/lib/python3.10/site-packages:${PYTHONPATH} /usr/bin/python3 -W ignore:setup.py install is deprecated -W ignore:easy_install command is deprecated setup.py develop --uninstall --editable --build-directory /home/sam/turtle_path_planner_ws/build/turtle_path_planner/build
[0.592s] running develop
[0.701s] Removing /home/sam/turtle_path_planner_ws/install/turtle_path_planner/lib/python3.10/site-packages/turtle-path-planner.egg-link (link to .)
[0.719s] Invoked command in '/home/sam/turtle_path_planner_ws/build/turtle_path_planner' returned '0': PYTHONPATH=/home/sam/turtle_path_planner_ws/build/turtle_path_planner/prefix_override:/usr/lib/python3/dist-packages/colcon_core/task/python/colcon_distutils_commands:/home/sam/turtle_path_planner_ws/install/turtle_path_planner/lib/python3.10/site-packages:${PYTHONPATH} /usr/bin/python3 -W ignore:setup.py install is deprecated -W ignore:easy_install command is deprecated setup.py develop --uninstall --editable --build-directory /home/sam/turtle_path_planner_ws/build/turtle_path_planner/build
[0.719s] Invoking command in '/home/sam/turtle_path_planner_ws/src/turtle_path_planner': PYTHONPATH=/home/sam/turtle_path_planner_ws/build/turtle_path_planner/prefix_override:/usr/lib/python3/dist-packages/colcon_core/task/python/colcon_distutils_commands:/home/sam/turtle_path_planner_ws/install/turtle_path_planner/lib/python3.10/site-packages:${PYTHONPATH} /usr/bin/python3 -W ignore:setup.py install is deprecated -W ignore:easy_install command is deprecated setup.py egg_info --egg-base ../../build/turtle_path_planner build --build-base /home/sam/turtle_path_planner_ws/build/turtle_path_planner/build install --record /home/sam/turtle_path_planner_ws/build/turtle_path_planner/install.log --single-version-externally-managed install_data --force
[0.852s] running egg_info
[0.859s] writing ../../build/turtle_path_planner/turtle_path_planner.egg-info/PKG-INFO
[0.859s] writing dependency_links to ../../build/turtle_path_planner/turtle_path_planner.egg-info/dependency_links.txt
[0.860s] writing entry points to ../../build/turtle_path_planner/turtle_path_planner.egg-info/entry_points.txt
[0.860s] writing requirements to ../../build/turtle_path_planner/turtle_path_planner.egg-info/requires.txt
[0.860s] writing top-level names to ../../build/turtle_path_planner/turtle_path_planner.egg-info/top_level.txt
[0.875s] reading manifest file '../../build/turtle_path_planner/turtle_path_planner.egg-info/SOURCES.txt'
[0.875s] writing manifest file '../../build/turtle_path_planner/turtle_path_planner.egg-info/SOURCES.txt'
[0.875s] running build
[0.875s] running build_py
[0.876s] creating /home/sam/turtle_path_planner_ws/build/turtle_path_planner/build
[0.876s] creating /home/sam/turtle_path_planner_ws/build/turtle_path_planner/build/lib
[0.876s] creating /home/sam/turtle_path_planner_ws/build/turtle_path_planner/build/lib/turtle_path_planner
[0.876s] copying turtle_path_planner/astar_planner_node.py -> /home/sam/turtle_path_planner_ws/build/turtle_path_planner/build/lib/turtle_path_planner
[0.876s] copying turtle_path_planner/__init__.py -> /home/sam/turtle_path_planner_ws/build/turtle_path_planner/build/lib/turtle_path_planner
[0.876s] running install
[0.879s] running install_lib
[0.886s] creating /home/sam/turtle_path_planner_ws/install/turtle_path_planner/lib/python3.10/site-packages/turtle_path_planner
[0.886s] copying /home/sam/turtle_path_planner_ws/build/turtle_path_planner/build/lib/turtle_path_planner/astar_planner_node.py -> /home/sam/turtle_path_planner_ws/install/turtle_path_planner/lib/python3.10/site-packages/turtle_path_planner
[0.887s] copying /home/sam/turtle_path_planner_ws/build/turtle_path_planner/build/lib/turtle_path_planner/__init__.py -> /home/sam/turtle_path_planner_ws/install/turtle_path_planner/lib/python3.10/site-packages/turtle_path_planner
[0.887s] byte-compiling /home/sam/turtle_path_planner_ws/install/turtle_path_planner/lib/python3.10/site-packages/turtle_path_planner/astar_planner_node.py to astar_planner_node.cpython-310.pyc
[0.888s] byte-compiling /home/sam/turtle_path_planner_ws/install/turtle_path_planner/lib/python3.10/site-packages/turtle_path_planner/__init__.py to __init__.cpython-310.pyc
[0.888s] running install_data
[0.888s] copying resource/turtle_path_planner -> /home/sam/turtle_path_planner_ws/install/turtle_path_planner/share/ament_index/resource_index/packages
[0.888s] copying package.xml -> /home/sam/turtle_path_planner_ws/install/turtle_path_planner/share/turtle_path_planner
[0.888s] running install_egg_info
[0.896s] Copying ../../build/turtle_path_planner/turtle_path_planner.egg-info to /home/sam/turtle_path_planner_ws/install/turtle_path_planner/lib/python3.10/site-packages/turtle_path_planner-0.0.0-py3.10.egg-info
[0.897s] running install_scripts
[0.970s] Installing astar_planner script to /home/sam/turtle_path_planner_ws/install/turtle_path_planner/lib/turtle_path_planner
[0.970s] writing list of installed files to '/home/sam/turtle_path_planner_ws/build/turtle_path_planner/install.log'
[0.985s] Invoked command in '/home/sam/turtle_path_planner_ws/src/turtle_path_planner' returned '0': PYTHONPATH=/home/sam/turtle_path_planner_ws/build/turtle_path_planner/prefix_override:/usr/lib/python3/dist-packages/colcon_core/task/python/colcon_distutils_commands:/home/sam/turtle_path_planner_ws/install/turtle_path_planner/lib/python3.10/site-packages:${PYTHONPATH} /usr/bin/python3 -W ignore:setup.py install is deprecated -W ignore:easy_install command is deprecated setup.py egg_info --egg-base ../../build/turtle_path_planner build --build-base /home/sam/turtle_path_planner_ws/build/turtle_path_planner/build install --record /home/sam/turtle_path_planner_ws/build/turtle_path_planner/install.log --single-version-externally-managed install_data --force
